The system is: Linux - 4.18.0-477.13.1.el8_8.aarch64 - aarch64
Compiling the CXX compiler identification source file "CMakeCXXCompilerId.cpp" succeeded.
Compiler: /usr/bin/c++ 
Build flags: 
Id flags:  

The output was:
0


Compilation of the CXX compiler identification source "CMakeCXXCompilerId.cpp" produced "a.out"

The CXX compiler identification is GNU, found in "/home/dmend/octopodes/octoRL/ArmExamples/build/CMakeFiles/3.20.2/CompilerIdCXX/a.out"

Detecting CXX compiler ABI info compiled with the following output:
Change Dir: /home/dmend/octopodes/octoRL/ArmExamples/build/CMakeFiles/CMakeTmp

Run Build Command(s):/usr/bin/gmake -f Makefile cmTC_2494a/fast && /usr/bin/gmake  -f CMakeFiles/cmTC_2494a.dir/build.make CMakeFiles/cmTC_2494a.dir/build
gmake[1]: Entering directory '/home/dmend/octopodes/octoRL/ArmExamples/build/CMakeFiles/CMakeTmp'
Building CXX object CMakeFiles/cmTC_2494a.dir/CMakeCXXCompilerABI.cpp.o
/usr/bin/c++   -v -o CMakeFiles/cmTC_2494a.dir/CMakeCXXCompilerABI.cpp.o -c /usr/share/cmake/Modules/CMakeCXXCompilerABI.cpp
Using built-in specs.
COLLECT_GCC=/usr/bin/c++
Target: aarch64-redhat-linux
Configured with: ../configure --enable-bootstrap --enable-languages=c,c++,fortran,lto --prefix=/usr --mandir=/usr/share/man --infodir=/usr/share/info --with-bugurl=http://bugzilla.redhat.com/bugzilla --enable-shared --enable-threads=posix --enable-checking=release --enable-multilib --with-system-zlib --enable-__cxa_atexit --disable-libunwind-exceptions --enable-gnu-unique-object --enable-linker-build-id --with-gcc-major-version-only --with-linker-hash-style=gnu --enable-plugin --enable-initfini-array --with-isl --disable-libmpx --enable-gnu-indirect-function --build=aarch64-redhat-linux
Thread model: posix
gcc version 8.5.0 20210514 (Red Hat 8.5.0-18) (GCC) 
COLLECT_GCC_OPTIONS='-v' '-o' 'CMakeFiles/cmTC_2494a.dir/CMakeCXXCompilerABI.cpp.o' '-c' '-shared-libgcc' '-mlittle-endian' '-mabi=lp64'
 /usr/libexec/gcc/aarch64-redhat-linux/8/cc1plus -quiet -v -D_GNU_SOURCE /usr/share/cmake/Modules/CMakeCXXCompilerABI.cpp -quiet -dumpbase CMakeCXXCompilerABI.cpp -mlittle-endian -mabi=lp64 -auxbase-strip CMakeFiles/cmTC_2494a.dir/CMakeCXXCompilerABI.cpp.o -version -o /tmp/ccgeMeLe.s
GNU C++14 (GCC) version 8.5.0 20210514 (Red Hat 8.5.0-18) (aarch64-redhat-linux)
	compiled by GNU C version 8.5.0 20210514 (Red Hat 8.5.0-18), GMP version 6.1.2, MPFR version 3.1.6-p2, MPC version 1.1.0, isl version isl-0.16.1-GMP

GGC heuristics: --param ggc-min-expand=100 --param ggc-min-heapsize=131072
ignoring nonexistent directory "/usr/lib/gcc/aarch64-redhat-linux/8/include-fixed"
ignoring nonexistent directory "/usr/lib/gcc/aarch64-redhat-linux/8/../../../../aarch64-redhat-linux/include"
#include "..." search starts here:
#include <...> search starts here:
 /usr/lib/gcc/aarch64-redhat-linux/8/../../../../include/c++/8
 /usr/lib/gcc/aarch64-redhat-linux/8/../../../../include/c++/8/aarch64-redhat-linux
 /usr/lib/gcc/aarch64-redhat-linux/8/../../../../include/c++/8/backward
 /usr/lib/gcc/aarch64-redhat-linux/8/include
 /usr/local/include
 /usr/include
End of search list.
GNU C++14 (GCC) version 8.5.0 20210514 (Red Hat 8.5.0-18) (aarch64-redhat-linux)
	compiled by GNU C version 8.5.0 20210514 (Red Hat 8.5.0-18), GMP version 6.1.2, MPFR version 3.1.6-p2, MPC version 1.1.0, isl version isl-0.16.1-GMP

GGC heuristics: --param ggc-min-expand=100 --param ggc-min-heapsize=131072
Compiler executable checksum: 8bc17b63b5d7a5dd4d48edbca0ff40f9
COLLECT_GCC_OPTIONS='-v' '-o' 'CMakeFiles/cmTC_2494a.dir/CMakeCXXCompilerABI.cpp.o' '-c' '-shared-libgcc' '-mlittle-endian' '-mabi=lp64'
 as -v -EL -mabi=lp64 -o CMakeFiles/cmTC_2494a.dir/CMakeCXXCompilerABI.cpp.o /tmp/ccgeMeLe.s
GNU assembler version 2.30 (aarch64-redhat-linux) using BFD version version 2.30-119.el8
COMPILER_PATH=/usr/libexec/gcc/aarch64-redhat-linux/8/:/usr/libexec/gcc/aarch64-redhat-linux/8/:/usr/libexec/gcc/aarch64-redhat-linux/:/usr/lib/gcc/aarch64-redhat-linux/8/:/usr/lib/gcc/aarch64-redhat-linux/
LIBRARY_PATH=/usr/lib/gcc/aarch64-redhat-linux/8/:/usr/lib/gcc/aarch64-redhat-linux/8/../../../../lib64/:/lib/../lib64/:/usr/lib/../lib64/:/home/dmend/libconfig-1.7.3/lib/:/usr/lib/gcc/aarch64-redhat-linux/8/../../../:/lib/:/usr/lib/
COLLECT_GCC_OPTIONS='-v' '-o' 'CMakeFiles/cmTC_2494a.dir/CMakeCXXCompilerABI.cpp.o' '-c' '-shared-libgcc' '-mlittle-endian' '-mabi=lp64'
Linking CXX executable cmTC_2494a
/usr/bin/cmake -E cmake_link_script CMakeFiles/cmTC_2494a.dir/link.txt --verbose=1
/usr/bin/c++  -v CMakeFiles/cmTC_2494a.dir/CMakeCXXCompilerABI.cpp.o -o cmTC_2494a 
Using built-in specs.
COLLECT_GCC=/usr/bin/c++
COLLECT_LTO_WRAPPER=/usr/libexec/gcc/aarch64-redhat-linux/8/lto-wrapper
Target: aarch64-redhat-linux
Configured with: ../configure --enable-bootstrap --enable-languages=c,c++,fortran,lto --prefix=/usr --mandir=/usr/share/man --infodir=/usr/share/info --with-bugurl=http://bugzilla.redhat.com/bugzilla --enable-shared --enable-threads=posix --enable-checking=release --enable-multilib --with-system-zlib --enable-__cxa_atexit --disable-libunwind-exceptions --enable-gnu-unique-object --enable-linker-build-id --with-gcc-major-version-only --with-linker-hash-style=gnu --enable-plugin --enable-initfini-array --with-isl --disable-libmpx --enable-gnu-indirect-function --build=aarch64-redhat-linux
Thread model: posix
gcc version 8.5.0 20210514 (Red Hat 8.5.0-18) (GCC) 
COMPILER_PATH=/usr/libexec/gcc/aarch64-redhat-linux/8/:/usr/libexec/gcc/aarch64-redhat-linux/8/:/usr/libexec/gcc/aarch64-redhat-linux/:/usr/lib/gcc/aarch64-redhat-linux/8/:/usr/lib/gcc/aarch64-redhat-linux/
LIBRARY_PATH=/usr/lib/gcc/aarch64-redhat-linux/8/:/usr/lib/gcc/aarch64-redhat-linux/8/../../../../lib64/:/lib/../lib64/:/usr/lib/../lib64/:/home/dmend/libconfig-1.7.3/lib/:/usr/lib/gcc/aarch64-redhat-linux/8/../../../:/lib/:/usr/lib/
COLLECT_GCC_OPTIONS='-v' '-o' 'cmTC_2494a' '-shared-libgcc' '-mlittle-endian' '-mabi=lp64'
 /usr/libexec/gcc/aarch64-redhat-linux/8/collect2 -plugin /usr/libexec/gcc/aarch64-redhat-linux/8/liblto_plugin.so -plugin-opt=/usr/libexec/gcc/aarch64-redhat-linux/8/lto-wrapper -plugin-opt=-fresolution=/tmp/ccNutGYL.res -plugin-opt=-pass-through=-lgcc_s -plugin-opt=-pass-through=-lgcc -plugin-opt=-pass-through=-lc -plugin-opt=-pass-through=-lgcc_s -plugin-opt=-pass-through=-lgcc --build-id --no-add-needed --eh-frame-hdr --hash-style=gnu -dynamic-linker /lib/ld-linux-aarch64.so.1 -X -EL -maarch64linux -o cmTC_2494a /usr/lib/gcc/aarch64-redhat-linux/8/../../../../lib64/crt1.o /usr/lib/gcc/aarch64-redhat-linux/8/../../../../lib64/crti.o /usr/lib/gcc/aarch64-redhat-linux/8/crtbegin.o -L/usr/lib/gcc/aarch64-redhat-linux/8 -L/usr/lib/gcc/aarch64-redhat-linux/8/../../../../lib64 -L/lib/../lib64 -L/usr/lib/../lib64 -L/home/dmend/libconfig-1.7.3/lib -L/usr/lib/gcc/aarch64-redhat-linux/8/../../.. CMakeFiles/cmTC_2494a.dir/CMakeCXXCompilerABI.cpp.o -lstdc++ -lm -lgcc_s -lgcc -lc -lgcc_s -lgcc /usr/lib/gcc/aarch64-redhat-linux/8/crtend.o /usr/lib/gcc/aarch64-redhat-linux/8/../../../../lib64/crtn.o
COLLECT_GCC_OPTIONS='-v' '-o' 'cmTC_2494a' '-shared-libgcc' '-mlittle-endian' '-mabi=lp64'
gmake[1]: Leaving directory '/home/dmend/octopodes/octoRL/ArmExamples/build/CMakeFiles/CMakeTmp'



Parsed CXX implicit include dir info from above output: rv=done
  found start of include info
  found start of implicit include info
    add: [/usr/lib/gcc/aarch64-redhat-linux/8/../../../../include/c++/8]
    add: [/usr/lib/gcc/aarch64-redhat-linux/8/../../../../include/c++/8/aarch64-redhat-linux]
    add: [/usr/lib/gcc/aarch64-redhat-linux/8/../../../../include/c++/8/backward]
    add: [/usr/lib/gcc/aarch64-redhat-linux/8/include]
    add: [/usr/local/include]
    add: [/usr/include]
  end of search list found
  collapse include dir [/usr/lib/gcc/aarch64-redhat-linux/8/../../../../include/c++/8] ==> [/usr/include/c++/8]
  collapse include dir [/usr/lib/gcc/aarch64-redhat-linux/8/../../../../include/c++/8/aarch64-redhat-linux] ==> [/usr/include/c++/8/aarch64-redhat-linux]
  collapse include dir [/usr/lib/gcc/aarch64-redhat-linux/8/../../../../include/c++/8/backward] ==> [/usr/include/c++/8/backward]
  collapse include dir [/usr/lib/gcc/aarch64-redhat-linux/8/include] ==> [/usr/lib/gcc/aarch64-redhat-linux/8/include]
  collapse include dir [/usr/local/include] ==> [/usr/local/include]
  collapse include dir [/usr/include] ==> [/usr/include]
  implicit include dirs: [/usr/include/c++/8;/usr/include/c++/8/aarch64-redhat-linux;/usr/include/c++/8/backward;/usr/lib/gcc/aarch64-redhat-linux/8/include;/usr/local/include;/usr/include]


Parsed CXX implicit link information from above output:
  link line regex: [^( *|.*[/\])(ld|CMAKE_LINK_STARTFILE-NOTFOUND|([^/\]+-)?ld|collect2)[^/\]*( |$)]
  ignore line: [Change Dir: /home/dmend/octopodes/octoRL/ArmExamples/build/CMakeFiles/CMakeTmp]
  ignore line: []
  ignore line: [Run Build Command(s):/usr/bin/gmake -f Makefile cmTC_2494a/fast && /usr/bin/gmake  -f CMakeFiles/cmTC_2494a.dir/build.make CMakeFiles/cmTC_2494a.dir/build]
  ignore line: [gmake[1]: Entering directory '/home/dmend/octopodes/octoRL/ArmExamples/build/CMakeFiles/CMakeTmp']
  ignore line: [Building CXX object CMakeFiles/cmTC_2494a.dir/CMakeCXXCompilerABI.cpp.o]
  ignore line: [/usr/bin/c++   -v -o CMakeFiles/cmTC_2494a.dir/CMakeCXXCompilerABI.cpp.o -c /usr/share/cmake/Modules/CMakeCXXCompilerABI.cpp]
  ignore line: [Using built-in specs.]
  ignore line: [COLLECT_GCC=/usr/bin/c++]
  ignore line: [Target: aarch64-redhat-linux]
  ignore line: [Configured with: ../configure --enable-bootstrap --enable-languages=c c++ fortran lto --prefix=/usr --mandir=/usr/share/man --infodir=/usr/share/info --with-bugurl=http://bugzilla.redhat.com/bugzilla --enable-shared --enable-threads=posix --enable-checking=release --enable-multilib --with-system-zlib --enable-__cxa_atexit --disable-libunwind-exceptions --enable-gnu-unique-object --enable-linker-build-id --with-gcc-major-version-only --with-linker-hash-style=gnu --enable-plugin --enable-initfini-array --with-isl --disable-libmpx --enable-gnu-indirect-function --build=aarch64-redhat-linux]
  ignore line: [Thread model: posix]
  ignore line: [gcc version 8.5.0 20210514 (Red Hat 8.5.0-18) (GCC) ]
  ignore line: [COLLECT_GCC_OPTIONS='-v' '-o' 'CMakeFiles/cmTC_2494a.dir/CMakeCXXCompilerABI.cpp.o' '-c' '-shared-libgcc' '-mlittle-endian' '-mabi=lp64']
  ignore line: [ /usr/libexec/gcc/aarch64-redhat-linux/8/cc1plus -quiet -v -D_GNU_SOURCE /usr/share/cmake/Modules/CMakeCXXCompilerABI.cpp -quiet -dumpbase CMakeCXXCompilerABI.cpp -mlittle-endian -mabi=lp64 -auxbase-strip CMakeFiles/cmTC_2494a.dir/CMakeCXXCompilerABI.cpp.o -version -o /tmp/ccgeMeLe.s]
  ignore line: [GNU C++14 (GCC) version 8.5.0 20210514 (Red Hat 8.5.0-18) (aarch64-redhat-linux)]
  ignore line: [	compiled by GNU C version 8.5.0 20210514 (Red Hat 8.5.0-18)  GMP version 6.1.2  MPFR version 3.1.6-p2  MPC version 1.1.0  isl version isl-0.16.1-GMP]
  ignore line: []
  ignore line: [GGC heuristics: --param ggc-min-expand=100 --param ggc-min-heapsize=131072]
  ignore line: [ignoring nonexistent directory "/usr/lib/gcc/aarch64-redhat-linux/8/include-fixed"]
  ignore line: [ignoring nonexistent directory "/usr/lib/gcc/aarch64-redhat-linux/8/../../../../aarch64-redhat-linux/include"]
  ignore line: [#include "..." search starts here:]
  ignore line: [#include <...> search starts here:]
  ignore line: [ /usr/lib/gcc/aarch64-redhat-linux/8/../../../../include/c++/8]
  ignore line: [ /usr/lib/gcc/aarch64-redhat-linux/8/../../../../include/c++/8/aarch64-redhat-linux]
  ignore line: [ /usr/lib/gcc/aarch64-redhat-linux/8/../../../../include/c++/8/backward]
  ignore line: [ /usr/lib/gcc/aarch64-redhat-linux/8/include]
  ignore line: [ /usr/local/include]
  ignore line: [ /usr/include]
  ignore line: [End of search list.]
  ignore line: [GNU C++14 (GCC) version 8.5.0 20210514 (Red Hat 8.5.0-18) (aarch64-redhat-linux)]
  ignore line: [	compiled by GNU C version 8.5.0 20210514 (Red Hat 8.5.0-18)  GMP version 6.1.2  MPFR version 3.1.6-p2  MPC version 1.1.0  isl version isl-0.16.1-GMP]
  ignore line: []
  ignore line: [GGC heuristics: --param ggc-min-expand=100 --param ggc-min-heapsize=131072]
  ignore line: [Compiler executable checksum: 8bc17b63b5d7a5dd4d48edbca0ff40f9]
  ignore line: [COLLECT_GCC_OPTIONS='-v' '-o' 'CMakeFiles/cmTC_2494a.dir/CMakeCXXCompilerABI.cpp.o' '-c' '-shared-libgcc' '-mlittle-endian' '-mabi=lp64']
  ignore line: [ as -v -EL -mabi=lp64 -o CMakeFiles/cmTC_2494a.dir/CMakeCXXCompilerABI.cpp.o /tmp/ccgeMeLe.s]
  ignore line: [GNU assembler version 2.30 (aarch64-redhat-linux) using BFD version version 2.30-119.el8]
  ignore line: [COMPILER_PATH=/usr/libexec/gcc/aarch64-redhat-linux/8/:/usr/libexec/gcc/aarch64-redhat-linux/8/:/usr/libexec/gcc/aarch64-redhat-linux/:/usr/lib/gcc/aarch64-redhat-linux/8/:/usr/lib/gcc/aarch64-redhat-linux/]
  ignore line: [LIBRARY_PATH=/usr/lib/gcc/aarch64-redhat-linux/8/:/usr/lib/gcc/aarch64-redhat-linux/8/../../../../lib64/:/lib/../lib64/:/usr/lib/../lib64/:/home/dmend/libconfig-1.7.3/lib/:/usr/lib/gcc/aarch64-redhat-linux/8/../../../:/lib/:/usr/lib/]
  ignore line: [COLLECT_GCC_OPTIONS='-v' '-o' 'CMakeFiles/cmTC_2494a.dir/CMakeCXXCompilerABI.cpp.o' '-c' '-shared-libgcc' '-mlittle-endian' '-mabi=lp64']
  ignore line: [Linking CXX executable cmTC_2494a]
  ignore line: [/usr/bin/cmake -E cmake_link_script CMakeFiles/cmTC_2494a.dir/link.txt --verbose=1]
  ignore line: [/usr/bin/c++  -v CMakeFiles/cmTC_2494a.dir/CMakeCXXCompilerABI.cpp.o -o cmTC_2494a ]
  ignore line: [Using built-in specs.]
  ignore line: [COLLECT_GCC=/usr/bin/c++]
  ignore line: [COLLECT_LTO_WRAPPER=/usr/libexec/gcc/aarch64-redhat-linux/8/lto-wrapper]
  ignore line: [Target: aarch64-redhat-linux]
  ignore line: [Configured with: ../configure --enable-bootstrap --enable-languages=c c++ fortran lto --prefix=/usr --mandir=/usr/share/man --infodir=/usr/share/info --with-bugurl=http://bugzilla.redhat.com/bugzilla --enable-shared --enable-threads=posix --enable-checking=release --enable-multilib --with-system-zlib --enable-__cxa_atexit --disable-libunwind-exceptions --enable-gnu-unique-object --enable-linker-build-id --with-gcc-major-version-only --with-linker-hash-style=gnu --enable-plugin --enable-initfini-array --with-isl --disable-libmpx --enable-gnu-indirect-function --build=aarch64-redhat-linux]
  ignore line: [Thread model: posix]
  ignore line: [gcc version 8.5.0 20210514 (Red Hat 8.5.0-18) (GCC) ]
  ignore line: [COMPILER_PATH=/usr/libexec/gcc/aarch64-redhat-linux/8/:/usr/libexec/gcc/aarch64-redhat-linux/8/:/usr/libexec/gcc/aarch64-redhat-linux/:/usr/lib/gcc/aarch64-redhat-linux/8/:/usr/lib/gcc/aarch64-redhat-linux/]
  ignore line: [LIBRARY_PATH=/usr/lib/gcc/aarch64-redhat-linux/8/:/usr/lib/gcc/aarch64-redhat-linux/8/../../../../lib64/:/lib/../lib64/:/usr/lib/../lib64/:/home/dmend/libconfig-1.7.3/lib/:/usr/lib/gcc/aarch64-redhat-linux/8/../../../:/lib/:/usr/lib/]
  ignore line: [COLLECT_GCC_OPTIONS='-v' '-o' 'cmTC_2494a' '-shared-libgcc' '-mlittle-endian' '-mabi=lp64']
  link line: [ /usr/libexec/gcc/aarch64-redhat-linux/8/collect2 -plugin /usr/libexec/gcc/aarch64-redhat-linux/8/liblto_plugin.so -plugin-opt=/usr/libexec/gcc/aarch64-redhat-linux/8/lto-wrapper -plugin-opt=-fresolution=/tmp/ccNutGYL.res -plugin-opt=-pass-through=-lgcc_s -plugin-opt=-pass-through=-lgcc -plugin-opt=-pass-through=-lc -plugin-opt=-pass-through=-lgcc_s -plugin-opt=-pass-through=-lgcc --build-id --no-add-needed --eh-frame-hdr --hash-style=gnu -dynamic-linker /lib/ld-linux-aarch64.so.1 -X -EL -maarch64linux -o cmTC_2494a /usr/lib/gcc/aarch64-redhat-linux/8/../../../../lib64/crt1.o /usr/lib/gcc/aarch64-redhat-linux/8/../../../../lib64/crti.o /usr/lib/gcc/aarch64-redhat-linux/8/crtbegin.o -L/usr/lib/gcc/aarch64-redhat-linux/8 -L/usr/lib/gcc/aarch64-redhat-linux/8/../../../../lib64 -L/lib/../lib64 -L/usr/lib/../lib64 -L/home/dmend/libconfig-1.7.3/lib -L/usr/lib/gcc/aarch64-redhat-linux/8/../../.. CMakeFiles/cmTC_2494a.dir/CMakeCXXCompilerABI.cpp.o -lstdc++ -lm -lgcc_s -lgcc -lc -lgcc_s -lgcc /usr/lib/gcc/aarch64-redhat-linux/8/crtend.o /usr/lib/gcc/aarch64-redhat-linux/8/../../../../lib64/crtn.o]
    arg [/usr/libexec/gcc/aarch64-redhat-linux/8/collect2] ==> ignore
    arg [-plugin] ==> ignore
    arg [/usr/libexec/gcc/aarch64-redhat-linux/8/liblto_plugin.so] ==> ignore
    arg [-plugin-opt=/usr/libexec/gcc/aarch64-redhat-linux/8/lto-wrapper] ==> ignore
    arg [-plugin-opt=-fresolution=/tmp/ccNutGYL.res] ==> ignore
    arg [-plugin-opt=-pass-through=-lgcc_s] ==> ignore
    arg [-plugin-opt=-pass-through=-lgcc] ==> ignore
    arg [-plugin-opt=-pass-through=-lc] ==> ignore
    arg [-plugin-opt=-pass-through=-lgcc_s] ==> ignore
    arg [-plugin-opt=-pass-through=-lgcc] ==> ignore
    arg [--build-id] ==> ignore
    arg [--no-add-needed] ==> ignore
    arg [--eh-frame-hdr] ==> ignore
    arg [--hash-style=gnu] ==> ignore
    arg [-dynamic-linker] ==> ignore
    arg [/lib/ld-linux-aarch64.so.1] ==> ignore
    arg [-X] ==> ignore
    arg [-EL] ==> ignore
    arg [-maarch64linux] ==> ignore
    arg [-o] ==> ignore
    arg [cmTC_2494a] ==> ignore
    arg [/usr/lib/gcc/aarch64-redhat-linux/8/../../../../lib64/crt1.o] ==> obj [/usr/lib/gcc/aarch64-redhat-linux/8/../../../../lib64/crt1.o]
    arg [/usr/lib/gcc/aarch64-redhat-linux/8/../../../../lib64/crti.o] ==> obj [/usr/lib/gcc/aarch64-redhat-linux/8/../../../../lib64/crti.o]
    arg [/usr/lib/gcc/aarch64-redhat-linux/8/crtbegin.o] ==> obj [/usr/lib/gcc/aarch64-redhat-linux/8/crtbegin.o]
    arg [-L/usr/lib/gcc/aarch64-redhat-linux/8] ==> dir [/usr/lib/gcc/aarch64-redhat-linux/8]
    arg [-L/usr/lib/gcc/aarch64-redhat-linux/8/../../../../lib64] ==> dir [/usr/lib/gcc/aarch64-redhat-linux/8/../../../../lib64]
    arg [-L/lib/../lib64] ==> dir [/lib/../lib64]
    arg [-L/usr/lib/../lib64] ==> dir [/usr/lib/../lib64]
    arg [-L/home/dmend/libconfig-1.7.3/lib] ==> dir [/home/dmend/libconfig-1.7.3/lib]
    arg [-L/usr/lib/gcc/aarch64-redhat-linux/8/../../..] ==> dir [/usr/lib/gcc/aarch64-redhat-linux/8/../../..]
    arg [CMakeFiles/cmTC_2494a.dir/CMakeCXXCompilerABI.cpp.o] ==> ignore
    arg [-lstdc++] ==> lib [stdc++]
    arg [-lm] ==> lib [m]
    arg [-lgcc_s] ==> lib [gcc_s]
    arg [-lgcc] ==> lib [gcc]
    arg [-lc] ==> lib [c]
    arg [-lgcc_s] ==> lib [gcc_s]
    arg [-lgcc] ==> lib [gcc]
    arg [/usr/lib/gcc/aarch64-redhat-linux/8/crtend.o] ==> obj [/usr/lib/gcc/aarch64-redhat-linux/8/crtend.o]
    arg [/usr/lib/gcc/aarch64-redhat-linux/8/../../../../lib64/crtn.o] ==> obj [/usr/lib/gcc/aarch64-redhat-linux/8/../../../../lib64/crtn.o]
  collapse obj [/usr/lib/gcc/aarch64-redhat-linux/8/../../../../lib64/crt1.o] ==> [/usr/lib64/crt1.o]
  collapse obj [/usr/lib/gcc/aarch64-redhat-linux/8/../../../../lib64/crti.o] ==> [/usr/lib64/crti.o]
  collapse obj [/usr/lib/gcc/aarch64-redhat-linux/8/../../../../lib64/crtn.o] ==> [/usr/lib64/crtn.o]
  collapse library dir [/usr/lib/gcc/aarch64-redhat-linux/8] ==> [/usr/lib/gcc/aarch64-redhat-linux/8]
  collapse library dir [/usr/lib/gcc/aarch64-redhat-linux/8/../../../../lib64] ==> [/usr/lib64]
  collapse library dir [/lib/../lib64] ==> [/lib64]
  collapse library dir [/usr/lib/../lib64] ==> [/usr/lib64]
  collapse library dir [/home/dmend/libconfig-1.7.3/lib] ==> [/home/dmend/libconfig-1.7.3/lib]
  collapse library dir [/usr/lib/gcc/aarch64-redhat-linux/8/../../..] ==> [/usr/lib]
  implicit libs: [stdc++;m;gcc_s;gcc;c;gcc_s;gcc]
  implicit objs: [/usr/lib64/crt1.o;/usr/lib64/crti.o;/usr/lib/gcc/aarch64-redhat-linux/8/crtbegin.o;/usr/lib/gcc/aarch64-redhat-linux/8/crtend.o;/usr/lib64/crtn.o]
  implicit dirs: [/usr/lib/gcc/aarch64-redhat-linux/8;/usr/lib64;/lib64;/home/dmend/libconfig-1.7.3/lib;/usr/lib]
  implicit fwks: []


Detecting CXX OpenMP compiler ABI info compiled with the following output:
Change Dir: /home/dmend/octopodes/octoRL/ArmExamples/build/CMakeFiles/CMakeTmp

Run Build Command(s):/usr/bin/gmake -f Makefile cmTC_64b53/fast && /usr/bin/gmake  -f CMakeFiles/cmTC_64b53.dir/build.make CMakeFiles/cmTC_64b53.dir/build
gmake[1]: Entering directory '/home/dmend/octopodes/octoRL/ArmExamples/build/CMakeFiles/CMakeTmp'
Building CXX object CMakeFiles/cmTC_64b53.dir/OpenMPTryFlag.cpp.o
/usr/bin/c++   -D_GLIBCXX_USE_CXX11_ABI=0 -fopenmp -v -o CMakeFiles/cmTC_64b53.dir/OpenMPTryFlag.cpp.o -c /home/dmend/octopodes/octoRL/ArmExamples/build/CMakeFiles/FindOpenMP/OpenMPTryFlag.cpp
Using built-in specs.
COLLECT_GCC=/usr/bin/c++
Target: aarch64-redhat-linux
Configured with: ../configure --enable-bootstrap --enable-languages=c,c++,fortran,lto --prefix=/usr --mandir=/usr/share/man --infodir=/usr/share/info --with-bugurl=http://bugzilla.redhat.com/bugzilla --enable-shared --enable-threads=posix --enable-checking=release --enable-multilib --with-system-zlib --enable-__cxa_atexit --disable-libunwind-exceptions --enable-gnu-unique-object --enable-linker-build-id --with-gcc-major-version-only --with-linker-hash-style=gnu --enable-plugin --enable-initfini-array --with-isl --disable-libmpx --enable-gnu-indirect-function --build=aarch64-redhat-linux
Thread model: posix
gcc version 8.5.0 20210514 (Red Hat 8.5.0-18) (GCC) 
COLLECT_GCC_OPTIONS='-D' '_GLIBCXX_USE_CXX11_ABI=0' '-fopenmp' '-v' '-o' 'CMakeFiles/cmTC_64b53.dir/OpenMPTryFlag.cpp.o' '-c' '-shared-libgcc' '-mlittle-endian' '-mabi=lp64' '-pthread'
 /usr/libexec/gcc/aarch64-redhat-linux/8/cc1plus -quiet -v -D_GNU_SOURCE -D_REENTRANT -D _GLIBCXX_USE_CXX11_ABI=0 /home/dmend/octopodes/octoRL/ArmExamples/build/CMakeFiles/FindOpenMP/OpenMPTryFlag.cpp -quiet -dumpbase OpenMPTryFlag.cpp -mlittle-endian -mabi=lp64 -auxbase-strip CMakeFiles/cmTC_64b53.dir/OpenMPTryFlag.cpp.o -version -fopenmp -o /tmp/ccUEhxGb.s
GNU C++14 (GCC) version 8.5.0 20210514 (Red Hat 8.5.0-18) (aarch64-redhat-linux)
	compiled by GNU C version 8.5.0 20210514 (Red Hat 8.5.0-18), GMP version 6.1.2, MPFR version 3.1.6-p2, MPC version 1.1.0, isl version isl-0.16.1-GMP

GGC heuristics: --param ggc-min-expand=100 --param ggc-min-heapsize=131072
ignoring nonexistent directory "/usr/lib/gcc/aarch64-redhat-linux/8/include-fixed"
ignoring nonexistent directory "/usr/lib/gcc/aarch64-redhat-linux/8/../../../../aarch64-redhat-linux/include"
#include "..." search starts here:
#include <...> search starts here:
 /usr/lib/gcc/aarch64-redhat-linux/8/../../../../include/c++/8
 /usr/lib/gcc/aarch64-redhat-linux/8/../../../../include/c++/8/aarch64-redhat-linux
 /usr/lib/gcc/aarch64-redhat-linux/8/../../../../include/c++/8/backward
 /usr/lib/gcc/aarch64-redhat-linux/8/include
 /usr/local/include
 /usr/include
End of search list.
GNU C++14 (GCC) version 8.5.0 20210514 (Red Hat 8.5.0-18) (aarch64-redhat-linux)
	compiled by GNU C version 8.5.0 20210514 (Red Hat 8.5.0-18), GMP version 6.1.2, MPFR version 3.1.6-p2, MPC version 1.1.0, isl version isl-0.16.1-GMP

GGC heuristics: --param ggc-min-expand=100 --param ggc-min-heapsize=131072
Compiler executable checksum: 8bc17b63b5d7a5dd4d48edbca0ff40f9
COLLECT_GCC_OPTIONS='-D' '_GLIBCXX_USE_CXX11_ABI=0' '-fopenmp' '-v' '-o' 'CMakeFiles/cmTC_64b53.dir/OpenMPTryFlag.cpp.o' '-c' '-shared-libgcc' '-mlittle-endian' '-mabi=lp64' '-pthread'
 as -v -EL -mabi=lp64 -o CMakeFiles/cmTC_64b53.dir/OpenMPTryFlag.cpp.o /tmp/ccUEhxGb.s
GNU assembler version 2.30 (aarch64-redhat-linux) using BFD version version 2.30-119.el8
COMPILER_PATH=/usr/libexec/gcc/aarch64-redhat-linux/8/:/usr/libexec/gcc/aarch64-redhat-linux/8/:/usr/libexec/gcc/aarch64-redhat-linux/:/usr/lib/gcc/aarch64-redhat-linux/8/:/usr/lib/gcc/aarch64-redhat-linux/
LIBRARY_PATH=/usr/lib/gcc/aarch64-redhat-linux/8/:/usr/lib/gcc/aarch64-redhat-linux/8/../../../../lib64/:/lib/../lib64/:/usr/lib/../lib64/:/home/dmend/libconfig-1.7.3/lib/:/usr/lib/gcc/aarch64-redhat-linux/8/../../../:/lib/:/usr/lib/
COLLECT_GCC_OPTIONS='-D' '_GLIBCXX_USE_CXX11_ABI=0' '-fopenmp' '-v' '-o' 'CMakeFiles/cmTC_64b53.dir/OpenMPTryFlag.cpp.o' '-c' '-shared-libgcc' '-mlittle-endian' '-mabi=lp64' '-pthread'
Linking CXX executable cmTC_64b53
/usr/bin/cmake -E cmake_link_script CMakeFiles/cmTC_64b53.dir/link.txt --verbose=1
/usr/bin/c++  -D_GLIBCXX_USE_CXX11_ABI=0 -fopenmp -v CMakeFiles/cmTC_64b53.dir/OpenMPTryFlag.cpp.o -o cmTC_64b53  -v 
Using built-in specs.
COLLECT_GCC=/usr/bin/c++
COLLECT_LTO_WRAPPER=/usr/libexec/gcc/aarch64-redhat-linux/8/lto-wrapper
Target: aarch64-redhat-linux
Configured with: ../configure --enable-bootstrap --enable-languages=c,c++,fortran,lto --prefix=/usr --mandir=/usr/share/man --infodir=/usr/share/info --with-bugurl=http://bugzilla.redhat.com/bugzilla --enable-shared --enable-threads=posix --enable-checking=release --enable-multilib --with-system-zlib --enable-__cxa_atexit --disable-libunwind-exceptions --enable-gnu-unique-object --enable-linker-build-id --with-gcc-major-version-only --with-linker-hash-style=gnu --enable-plugin --enable-initfini-array --with-isl --disable-libmpx --enable-gnu-indirect-function --build=aarch64-redhat-linux
Thread model: posix
gcc version 8.5.0 20210514 (Red Hat 8.5.0-18) (GCC) 
COMPILER_PATH=/usr/libexec/gcc/aarch64-redhat-linux/8/:/usr/libexec/gcc/aarch64-redhat-linux/8/:/usr/libexec/gcc/aarch64-redhat-linux/:/usr/lib/gcc/aarch64-redhat-linux/8/:/usr/lib/gcc/aarch64-redhat-linux/
LIBRARY_PATH=/usr/lib/gcc/aarch64-redhat-linux/8/:/usr/lib/gcc/aarch64-redhat-linux/8/../../../../lib64/:/lib/../lib64/:/usr/lib/../lib64/:/home/dmend/libconfig-1.7.3/lib/:/usr/lib/gcc/aarch64-redhat-linux/8/../../../:/lib/:/usr/lib/
Reading specs from /usr/lib/gcc/aarch64-redhat-linux/8/libgomp.spec
COLLECT_GCC_OPTIONS='-D' '_GLIBCXX_USE_CXX11_ABI=0' '-fopenmp' '-v' '-o' 'cmTC_64b53' '-v' '-shared-libgcc' '-mlittle-endian' '-mabi=lp64' '-pthread'
 /usr/libexec/gcc/aarch64-redhat-linux/8/collect2 -plugin /usr/libexec/gcc/aarch64-redhat-linux/8/liblto_plugin.so -plugin-opt=/usr/libexec/gcc/aarch64-redhat-linux/8/lto-wrapper -plugin-opt=-fresolution=/tmp/ccoDpK0A.res -plugin-opt=-pass-through=-lgcc_s -plugin-opt=-pass-through=-lgcc -plugin-opt=-pass-through=-lpthread -plugin-opt=-pass-through=-lc -plugin-opt=-pass-through=-lgcc_s -plugin-opt=-pass-through=-lgcc --build-id --no-add-needed --eh-frame-hdr --hash-style=gnu -dynamic-linker /lib/ld-linux-aarch64.so.1 -X -EL -maarch64linux -o cmTC_64b53 /usr/lib/gcc/aarch64-redhat-linux/8/../../../../lib64/crt1.o /usr/lib/gcc/aarch64-redhat-linux/8/../../../../lib64/crti.o /usr/lib/gcc/aarch64-redhat-linux/8/crtbegin.o -L/usr/lib/gcc/aarch64-redhat-linux/8 -L/usr/lib/gcc/aarch64-redhat-linux/8/../../../../lib64 -L/lib/../lib64 -L/usr/lib/../lib64 -L/home/dmend/libconfig-1.7.3/lib -L/usr/lib/gcc/aarch64-redhat-linux/8/../../.. CMakeFiles/cmTC_64b53.dir/OpenMPTryFlag.cpp.o -lstdc++ -lm -lgomp -lgcc_s -lgcc -lpthread -lc -lgcc_s -lgcc /usr/lib/gcc/aarch64-redhat-linux/8/crtend.o /usr/lib/gcc/aarch64-redhat-linux/8/../../../../lib64/crtn.o
COLLECT_GCC_OPTIONS='-D' '_GLIBCXX_USE_CXX11_ABI=0' '-fopenmp' '-v' '-o' 'cmTC_64b53' '-v' '-shared-libgcc' '-mlittle-endian' '-mabi=lp64' '-pthread'
gmake[1]: Leaving directory '/home/dmend/octopodes/octoRL/ArmExamples/build/CMakeFiles/CMakeTmp'



Parsed CXX OpenMP implicit link information from above output:
  link line regex: [^( *|.*[/\])(ld|CMAKE_LINK_STARTFILE-NOTFOUND|([^/\]+-)?ld|collect2)[^/\]*( |$)]
  ignore line: [Change Dir: /home/dmend/octopodes/octoRL/ArmExamples/build/CMakeFiles/CMakeTmp]
  ignore line: []
  ignore line: [Run Build Command(s):/usr/bin/gmake -f Makefile cmTC_64b53/fast && /usr/bin/gmake  -f CMakeFiles/cmTC_64b53.dir/build.make CMakeFiles/cmTC_64b53.dir/build]
  ignore line: [gmake[1]: Entering directory '/home/dmend/octopodes/octoRL/ArmExamples/build/CMakeFiles/CMakeTmp']
  ignore line: [Building CXX object CMakeFiles/cmTC_64b53.dir/OpenMPTryFlag.cpp.o]
  ignore line: [/usr/bin/c++   -D_GLIBCXX_USE_CXX11_ABI=0 -fopenmp -v -o CMakeFiles/cmTC_64b53.dir/OpenMPTryFlag.cpp.o -c /home/dmend/octopodes/octoRL/ArmExamples/build/CMakeFiles/FindOpenMP/OpenMPTryFlag.cpp]
  ignore line: [Using built-in specs.]
  ignore line: [COLLECT_GCC=/usr/bin/c++]
  ignore line: [Target: aarch64-redhat-linux]
  ignore line: [Configured with: ../configure --enable-bootstrap --enable-languages=c c++ fortran lto --prefix=/usr --mandir=/usr/share/man --infodir=/usr/share/info --with-bugurl=http://bugzilla.redhat.com/bugzilla --enable-shared --enable-threads=posix --enable-checking=release --enable-multilib --with-system-zlib --enable-__cxa_atexit --disable-libunwind-exceptions --enable-gnu-unique-object --enable-linker-build-id --with-gcc-major-version-only --with-linker-hash-style=gnu --enable-plugin --enable-initfini-array --with-isl --disable-libmpx --enable-gnu-indirect-function --build=aarch64-redhat-linux]
  ignore line: [Thread model: posix]
  ignore line: [gcc version 8.5.0 20210514 (Red Hat 8.5.0-18) (GCC) ]
  ignore line: [COLLECT_GCC_OPTIONS='-D' '_GLIBCXX_USE_CXX11_ABI=0' '-fopenmp' '-v' '-o' 'CMakeFiles/cmTC_64b53.dir/OpenMPTryFlag.cpp.o' '-c' '-shared-libgcc' '-mlittle-endian' '-mabi=lp64' '-pthread']
  ignore line: [ /usr/libexec/gcc/aarch64-redhat-linux/8/cc1plus -quiet -v -D_GNU_SOURCE -D_REENTRANT -D _GLIBCXX_USE_CXX11_ABI=0 /home/dmend/octopodes/octoRL/ArmExamples/build/CMakeFiles/FindOpenMP/OpenMPTryFlag.cpp -quiet -dumpbase OpenMPTryFlag.cpp -mlittle-endian -mabi=lp64 -auxbase-strip CMakeFiles/cmTC_64b53.dir/OpenMPTryFlag.cpp.o -version -fopenmp -o /tmp/ccUEhxGb.s]
  ignore line: [GNU C++14 (GCC) version 8.5.0 20210514 (Red Hat 8.5.0-18) (aarch64-redhat-linux)]
  ignore line: [	compiled by GNU C version 8.5.0 20210514 (Red Hat 8.5.0-18)  GMP version 6.1.2  MPFR version 3.1.6-p2  MPC version 1.1.0  isl version isl-0.16.1-GMP]
  ignore line: []
  ignore line: [GGC heuristics: --param ggc-min-expand=100 --param ggc-min-heapsize=131072]
  ignore line: [ignoring nonexistent directory "/usr/lib/gcc/aarch64-redhat-linux/8/include-fixed"]
  ignore line: [ignoring nonexistent directory "/usr/lib/gcc/aarch64-redhat-linux/8/../../../../aarch64-redhat-linux/include"]
  ignore line: [#include "..." search starts here:]
  ignore line: [#include <...> search starts here:]
  ignore line: [ /usr/lib/gcc/aarch64-redhat-linux/8/../../../../include/c++/8]
  ignore line: [ /usr/lib/gcc/aarch64-redhat-linux/8/../../../../include/c++/8/aarch64-redhat-linux]
  ignore line: [ /usr/lib/gcc/aarch64-redhat-linux/8/../../../../include/c++/8/backward]
  ignore line: [ /usr/lib/gcc/aarch64-redhat-linux/8/include]
  ignore line: [ /usr/local/include]
  ignore line: [ /usr/include]
  ignore line: [End of search list.]
  ignore line: [GNU C++14 (GCC) version 8.5.0 20210514 (Red Hat 8.5.0-18) (aarch64-redhat-linux)]
  ignore line: [	compiled by GNU C version 8.5.0 20210514 (Red Hat 8.5.0-18)  GMP version 6.1.2  MPFR version 3.1.6-p2  MPC version 1.1.0  isl version isl-0.16.1-GMP]
  ignore line: []
  ignore line: [GGC heuristics: --param ggc-min-expand=100 --param ggc-min-heapsize=131072]
  ignore line: [Compiler executable checksum: 8bc17b63b5d7a5dd4d48edbca0ff40f9]
  ignore line: [COLLECT_GCC_OPTIONS='-D' '_GLIBCXX_USE_CXX11_ABI=0' '-fopenmp' '-v' '-o' 'CMakeFiles/cmTC_64b53.dir/OpenMPTryFlag.cpp.o' '-c' '-shared-libgcc' '-mlittle-endian' '-mabi=lp64' '-pthread']
  ignore line: [ as -v -EL -mabi=lp64 -o CMakeFiles/cmTC_64b53.dir/OpenMPTryFlag.cpp.o /tmp/ccUEhxGb.s]
  ignore line: [GNU assembler version 2.30 (aarch64-redhat-linux) using BFD version version 2.30-119.el8]
  ignore line: [COMPILER_PATH=/usr/libexec/gcc/aarch64-redhat-linux/8/:/usr/libexec/gcc/aarch64-redhat-linux/8/:/usr/libexec/gcc/aarch64-redhat-linux/:/usr/lib/gcc/aarch64-redhat-linux/8/:/usr/lib/gcc/aarch64-redhat-linux/]
  ignore line: [LIBRARY_PATH=/usr/lib/gcc/aarch64-redhat-linux/8/:/usr/lib/gcc/aarch64-redhat-linux/8/../../../../lib64/:/lib/../lib64/:/usr/lib/../lib64/:/home/dmend/libconfig-1.7.3/lib/:/usr/lib/gcc/aarch64-redhat-linux/8/../../../:/lib/:/usr/lib/]
  ignore line: [COLLECT_GCC_OPTIONS='-D' '_GLIBCXX_USE_CXX11_ABI=0' '-fopenmp' '-v' '-o' 'CMakeFiles/cmTC_64b53.dir/OpenMPTryFlag.cpp.o' '-c' '-shared-libgcc' '-mlittle-endian' '-mabi=lp64' '-pthread']
  ignore line: [Linking CXX executable cmTC_64b53]
  ignore line: [/usr/bin/cmake -E cmake_link_script CMakeFiles/cmTC_64b53.dir/link.txt --verbose=1]
  ignore line: [/usr/bin/c++  -D_GLIBCXX_USE_CXX11_ABI=0 -fopenmp -v CMakeFiles/cmTC_64b53.dir/OpenMPTryFlag.cpp.o -o cmTC_64b53  -v ]
  ignore line: [Using built-in specs.]
  ignore line: [COLLECT_GCC=/usr/bin/c++]
  ignore line: [COLLECT_LTO_WRAPPER=/usr/libexec/gcc/aarch64-redhat-linux/8/lto-wrapper]
  ignore line: [Target: aarch64-redhat-linux]
  ignore line: [Configured with: ../configure --enable-bootstrap --enable-languages=c c++ fortran lto --prefix=/usr --mandir=/usr/share/man --infodir=/usr/share/info --with-bugurl=http://bugzilla.redhat.com/bugzilla --enable-shared --enable-threads=posix --enable-checking=release --enable-multilib --with-system-zlib --enable-__cxa_atexit --disable-libunwind-exceptions --enable-gnu-unique-object --enable-linker-build-id --with-gcc-major-version-only --with-linker-hash-style=gnu --enable-plugin --enable-initfini-array --with-isl --disable-libmpx --enable-gnu-indirect-function --build=aarch64-redhat-linux]
  ignore line: [Thread model: posix]
  ignore line: [gcc version 8.5.0 20210514 (Red Hat 8.5.0-18) (GCC) ]
  ignore line: [COMPILER_PATH=/usr/libexec/gcc/aarch64-redhat-linux/8/:/usr/libexec/gcc/aarch64-redhat-linux/8/:/usr/libexec/gcc/aarch64-redhat-linux/:/usr/lib/gcc/aarch64-redhat-linux/8/:/usr/lib/gcc/aarch64-redhat-linux/]
  ignore line: [LIBRARY_PATH=/usr/lib/gcc/aarch64-redhat-linux/8/:/usr/lib/gcc/aarch64-redhat-linux/8/../../../../lib64/:/lib/../lib64/:/usr/lib/../lib64/:/home/dmend/libconfig-1.7.3/lib/:/usr/lib/gcc/aarch64-redhat-linux/8/../../../:/lib/:/usr/lib/]
  ignore line: [Reading specs from /usr/lib/gcc/aarch64-redhat-linux/8/libgomp.spec]
  ignore line: [COLLECT_GCC_OPTIONS='-D' '_GLIBCXX_USE_CXX11_ABI=0' '-fopenmp' '-v' '-o' 'cmTC_64b53' '-v' '-shared-libgcc' '-mlittle-endian' '-mabi=lp64' '-pthread']
  link line: [ /usr/libexec/gcc/aarch64-redhat-linux/8/collect2 -plugin /usr/libexec/gcc/aarch64-redhat-linux/8/liblto_plugin.so -plugin-opt=/usr/libexec/gcc/aarch64-redhat-linux/8/lto-wrapper -plugin-opt=-fresolution=/tmp/ccoDpK0A.res -plugin-opt=-pass-through=-lgcc_s -plugin-opt=-pass-through=-lgcc -plugin-opt=-pass-through=-lpthread -plugin-opt=-pass-through=-lc -plugin-opt=-pass-through=-lgcc_s -plugin-opt=-pass-through=-lgcc --build-id --no-add-needed --eh-frame-hdr --hash-style=gnu -dynamic-linker /lib/ld-linux-aarch64.so.1 -X -EL -maarch64linux -o cmTC_64b53 /usr/lib/gcc/aarch64-redhat-linux/8/../../../../lib64/crt1.o /usr/lib/gcc/aarch64-redhat-linux/8/../../../../lib64/crti.o /usr/lib/gcc/aarch64-redhat-linux/8/crtbegin.o -L/usr/lib/gcc/aarch64-redhat-linux/8 -L/usr/lib/gcc/aarch64-redhat-linux/8/../../../../lib64 -L/lib/../lib64 -L/usr/lib/../lib64 -L/home/dmend/libconfig-1.7.3/lib -L/usr/lib/gcc/aarch64-redhat-linux/8/../../.. CMakeFiles/cmTC_64b53.dir/OpenMPTryFlag.cpp.o -lstdc++ -lm -lgomp -lgcc_s -lgcc -lpthread -lc -lgcc_s -lgcc /usr/lib/gcc/aarch64-redhat-linux/8/crtend.o /usr/lib/gcc/aarch64-redhat-linux/8/../../../../lib64/crtn.o]
    arg [/usr/libexec/gcc/aarch64-redhat-linux/8/collect2] ==> ignore
    arg [-plugin] ==> ignore
    arg [/usr/libexec/gcc/aarch64-redhat-linux/8/liblto_plugin.so] ==> ignore
    arg [-plugin-opt=/usr/libexec/gcc/aarch64-redhat-linux/8/lto-wrapper] ==> ignore
    arg [-plugin-opt=-fresolution=/tmp/ccoDpK0A.res] ==> ignore
    arg [-plugin-opt=-pass-through=-lgcc_s] ==> ignore
    arg [-plugin-opt=-pass-through=-lgcc] ==> ignore
    arg [-plugin-opt=-pass-through=-lpthread] ==> ignore
    arg [-plugin-opt=-pass-through=-lc] ==> ignore
    arg [-plugin-opt=-pass-through=-lgcc_s] ==> ignore
    arg [-plugin-opt=-pass-through=-lgcc] ==> ignore
    arg [--build-id] ==> ignore
    arg [--no-add-needed] ==> ignore
    arg [--eh-frame-hdr] ==> ignore
    arg [--hash-style=gnu] ==> ignore
    arg [-dynamic-linker] ==> ignore
    arg [/lib/ld-linux-aarch64.so.1] ==> ignore
    arg [-X] ==> ignore
    arg [-EL] ==> ignore
    arg [-maarch64linux] ==> ignore
    arg [-o] ==> ignore
    arg [cmTC_64b53] ==> ignore
    arg [-L/usr/lib/gcc/aarch64-redhat-linux/8] ==> dir [/usr/lib/gcc/aarch64-redhat-linux/8]
    arg [-L/usr/lib/gcc/aarch64-redhat-linux/8/../../../../lib64] ==> dir [/usr/lib/gcc/aarch64-redhat-linux/8/../../../../lib64]
    arg [-L/lib/../lib64] ==> dir [/lib/../lib64]
    arg [-L/usr/lib/../lib64] ==> dir [/usr/lib/../lib64]
    arg [-L/home/dmend/libconfig-1.7.3/lib] ==> dir [/home/dmend/libconfig-1.7.3/lib]
    arg [-L/usr/lib/gcc/aarch64-redhat-linux/8/../../..] ==> dir [/usr/lib/gcc/aarch64-redhat-linux/8/../../..]
    arg [CMakeFiles/cmTC_64b53.dir/OpenMPTryFlag.cpp.o] ==> ignore
    arg [-lstdc++] ==> lib [stdc++]
    arg [-lm] ==> lib [m]
    arg [-lgomp] ==> lib [gomp]
    arg [-lgcc_s] ==> lib [gcc_s]
    arg [-lgcc] ==> lib [gcc]
    arg [-lpthread] ==> lib [pthread]
    arg [-lc] ==> lib [c]
    arg [-lgcc_s] ==> lib [gcc_s]
    arg [-lgcc] ==> lib [gcc]
  collapse library dir [/usr/lib/gcc/aarch64-redhat-linux/8] ==> [/usr/lib/gcc/aarch64-redhat-linux/8]
  collapse library dir [/usr/lib/gcc/aarch64-redhat-linux/8/../../../../lib64] ==> [/usr/lib64]
  collapse library dir [/lib/../lib64] ==> [/lib64]
  collapse library dir [/usr/lib/../lib64] ==> [/usr/lib64]
  collapse library dir [/home/dmend/libconfig-1.7.3/lib] ==> [/home/dmend/libconfig-1.7.3/lib]
  collapse library dir [/usr/lib/gcc/aarch64-redhat-linux/8/../../..] ==> [/usr/lib]
  implicit libs: [stdc++;m;gomp;gcc_s;gcc;pthread;c;gcc_s;gcc]
  implicit objs: []
  implicit dirs: [/usr/lib/gcc/aarch64-redhat-linux/8;/usr/lib64;/lib64;/home/dmend/libconfig-1.7.3/lib;/usr/lib]
  implicit fwks: []


